<?xml version="1.0" encoding="UTF-8"?>
<testng-results ignored="0" total="1" passed="1" failed="0" skipped="0">
  <reporter-output>
  </reporter-output>
  <suite started-at="2023-05-30T14:49:35 IST" name="Default suite" finished-at="2023-05-30T14:50:51 IST" duration-ms="76085">
    <groups>
    </groups>
    <test started-at="2023-05-30T14:49:35 IST" name="Default test" finished-at="2023-05-30T14:50:51 IST" duration-ms="76085">
      <class name="testScripts.AddphythonToCardTest">
        <test-method is-config="true" signature="ClassConfig()[pri:0, instance:testScripts.AddphythonToCardTest@4d465b11]" started-at="2023-05-30T14:49:35 IST" name="ClassConfig" finished-at="2023-05-30T14:49:36 IST" duration-ms="1084" status="PASS">
          <reporter-output>
          </reporter-output>
        </test-method> <!-- ClassConfig -->
        <test-method is-config="true" signature="methodConfig()[pri:0, instance:testScripts.AddphythonToCardTest@4d465b11]" started-at="2023-05-30T14:49:36 IST" name="methodConfig" finished-at="2023-05-30T14:49:41 IST" duration-ms="5030" status="PASS">
          <reporter-output>
          </reporter-output>
        </test-method> <!-- methodConfig -->
        <test-method signature="addPythonToCart()[pri:0, instance:testScripts.AddphythonToCardTest@4d465b11]" started-at="2023-05-30T14:49:41 IST" name="addPythonToCart" finished-at="2023-05-30T14:50:50 IST" duration-ms="69458" status="PASS">
          <reporter-output>
          </reporter-output>
        </test-method> <!-- addPythonToCart -->
        <test-method is-config="true" signature="methoTearDown()[pri:0, instance:testScripts.AddphythonToCardTest@4d465b11]" started-at="2023-05-30T14:50:50 IST" name="methoTearDown" finished-at="2023-05-30T14:50:51 IST" duration-ms="447" status="PASS">
          <reporter-output>
          </reporter-output>
        </test-method> <!-- methoTearDown -->
        <test-method is-config="true" signature="classTearDown()[pri:0, instance:testScripts.AddphythonToCardTest@4d465b11]" started-at="2023-05-30T14:50:51 IST" name="classTearDown" finished-at="2023-05-30T14:50:51 IST" duration-ms="1" status="PASS">
          <reporter-output>
          </reporter-output>
        </test-method> <!-- classTearDown -->
      </class> <!-- testScripts.AddphythonToCardTest -->
    </test> <!-- Default test -->
  </suite> <!-- Default suite -->
</testng-results>
